actionid: tox
msg: packaging
cmdargs: ['/usr/local/bin/python', local('/tmp/683007104/pip_analogj_test/setup.py'), 'sdist', '--formats=zip', '--dist-dir', local('/tmp/683007104/pip_analogj_test/.tox/dist')]
env: None

running sdist
running egg_info
writing requirements to pip_analogj_test.egg-info/requires.txt
writing pip_analogj_test.egg-info/PKG-INFO
writing top-level names to pip_analogj_test.egg-info/top_level.txt
writing dependency_links to pip_analogj_test.egg-info/dependency_links.txt
reading manifest file 'pip_analogj_test.egg-info/SOURCES.txt'
reading manifest template 'MANIFEST.in'
writing manifest file 'pip_analogj_test.egg-info/SOURCES.txt'
warning: sdist: standard file not found: should have one of README, README.rst, README.txt

running check
creating pip_analogj_test-1.0.8
creating pip_analogj_test-1.0.8/pip_analogj_test.egg-info
copying files to pip_analogj_test-1.0.8...
copying LICENSE -> pip_analogj_test-1.0.8
copying MANIFEST.in -> pip_analogj_test-1.0.8
copying README.md -> pip_analogj_test-1.0.8
copying VERSION -> pip_analogj_test-1.0.8
copying requirements.txt -> pip_analogj_test-1.0.8
copying setup.cfg -> pip_analogj_test-1.0.8
copying setup.py -> pip_analogj_test-1.0.8
copying pip_analogj_test.egg-info/PKG-INFO -> pip_analogj_test-1.0.8/pip_analogj_test.egg-info
copying pip_analogj_test.egg-info/SOURCES.txt -> pip_analogj_test-1.0.8/pip_analogj_test.egg-info
copying pip_analogj_test.egg-info/dependency_links.txt -> pip_analogj_test-1.0.8/pip_analogj_test.egg-info
copying pip_analogj_test.egg-info/requires.txt -> pip_analogj_test-1.0.8/pip_analogj_test.egg-info
copying pip_analogj_test.egg-info/top_level.txt -> pip_analogj_test-1.0.8/pip_analogj_test.egg-info
Writing pip_analogj_test-1.0.8/setup.cfg
creating .tox/dist
creating '.tox/dist/pip_analogj_test-1.0.8.zip' and adding 'pip_analogj_test-1.0.8' to it
adding 'pip_analogj_test-1.0.8/MANIFEST.in'
adding 'pip_analogj_test-1.0.8/PKG-INFO'
adding 'pip_analogj_test-1.0.8/requirements.txt'
adding 'pip_analogj_test-1.0.8/setup.py'
adding 'pip_analogj_test-1.0.8/VERSION'
adding 'pip_analogj_test-1.0.8/README.md'
adding 'pip_analogj_test-1.0.8/setup.cfg'
adding 'pip_analogj_test-1.0.8/LICENSE'
adding 'pip_analogj_test-1.0.8/pip_analogj_test.egg-info/PKG-INFO'
adding 'pip_analogj_test-1.0.8/pip_analogj_test.egg-info/SOURCES.txt'
adding 'pip_analogj_test-1.0.8/pip_analogj_test.egg-info/dependency_links.txt'
adding 'pip_analogj_test-1.0.8/pip_analogj_test.egg-info/top_level.txt'
adding 'pip_analogj_test-1.0.8/pip_analogj_test.egg-info/requires.txt'
removing 'pip_analogj_test-1.0.8' (and everything under it)
